Started GET "/" for ::1 at 2020-06-29 21:51:55 +0100
Processing by Rails::WelcomeController#index as HTML
  Rendering /Users/devbook/.rvm/gems/ruby-2.6.5/gems/railties-5.1.7/lib/rails/templates/rails/welcome/index.html.erb
  Rendered /Users/devbook/.rvm/gems/ruby-2.6.5/gems/railties-5.1.7/lib/rails/templates/rails/welcome/index.html.erb (2.2ms)
Completed 200 OK in 154ms (Views: 5.2ms)


Started GET "/" for ::1 at 2020-06-29 21:56:10 +0100
Processing by Rails::WelcomeController#index as HTML
  Rendering /Users/devbook/.rvm/gems/ruby-2.6.5/gems/railties-5.1.7/lib/rails/templates/rails/welcome/index.html.erb
  Rendered /Users/devbook/.rvm/gems/ruby-2.6.5/gems/railties-5.1.7/lib/rails/templates/rails/welcome/index.html.erb (2.3ms)
Completed 200 OK in 154ms (Views: 5.3ms)


  [1m[35m (0.1ms)[0m  [1m[34mSELECT sqlite_version(*)[0m
  [1m[35m (1.2ms)[0m  [1m[35mCREATE TABLE "schema_migrations" ("version" varchar NOT NULL PRIMARY KEY)[0m
  [1m[35m (1.4ms)[0m  [1m[35mCREATE TABLE "ar_internal_metadata" ("key" varchar NOT NULL PRIMARY KEY, "value" varchar, "created_at" datetime NOT NULL, "updated_at" datetime NOT NULL)[0m
  [1m[35m (0.1ms)[0m  [1m[34mSELECT "schema_migrations"."version" FROM "schema_migrations" ORDER BY "schema_migrations"."version" ASC[0m
Migrating to CreatePosts (20200629205937)
  [1m[35m (0.0ms)[0m  [1m[36mbegin transaction[0m
  [1m[35m (0.4ms)[0m  [1m[35mCREATE TABLE "posts" ("id" INTEGER PRIMARY KEY AUTOINCREMENT NOT NULL, "title" varchar, "created_at" datetime NOT NULL, "updated_at" datetime NOT NULL)[0m
  [1m[35mSQL (0.2ms)[0m  [1m[32mINSERT INTO "schema_migrations" ("version") VALUES (?)[0m  [["version", "20200629205937"]]
  [1m[35m (0.6ms)[0m  [1m[36mcommit transaction[0m
  [1m[36mActiveRecord::InternalMetadata Load (0.1ms)[0m  [1m[34mSELECT  "ar_internal_metadata".* FROM "ar_internal_metadata" WHERE "ar_internal_metadata"."key" = ? LIMIT ?[0m  [["key", "environment"], ["LIMIT", 1]]
  [1m[35m (0.0ms)[0m  [1m[36mbegin transaction[0m
  [1m[35mSQL (0.5ms)[0m  [1m[32mINSERT INTO "ar_internal_metadata" ("key", "value", "created_at", "updated_at") VALUES (?, ?, ?, ?)[0m  [["key", "environment"], ["value", "development"], ["created_at", "2020-06-29 21:01:22.238061"], ["updated_at", "2020-06-29 21:01:22.238061"]]
  [1m[35m (0.7ms)[0m  [1m[36mcommit transaction[0m
  [1m[35m (0.1ms)[0m  [1m[34mSELECT "schema_migrations"."version" FROM "schema_migrations" ORDER BY "schema_migrations"."version" ASC[0m
Started GET "/" for ::1 at 2020-06-29 22:02:47 +0100
  [1m[35m (0.1ms)[0m  [1m[34mSELECT "schema_migrations"."version" FROM "schema_migrations" ORDER BY "schema_migrations"."version" ASC[0m
Processing by Rails::WelcomeController#index as HTML
  Rendering /Users/devbook/.rvm/gems/ruby-2.6.5/gems/railties-5.1.7/lib/rails/templates/rails/welcome/index.html.erb
  Rendered /Users/devbook/.rvm/gems/ruby-2.6.5/gems/railties-5.1.7/lib/rails/templates/rails/welcome/index.html.erb (3.0ms)
Completed 200 OK in 11ms (Views: 6.8ms | ActiveRecord: 0.0ms)


Started GET "/posts" for ::1 at 2020-06-29 22:16:01 +0100
  [1m[35m (0.1ms)[0m  [1m[34mSELECT "schema_migrations"."version" FROM "schema_migrations" ORDER BY "schema_migrations"."version" ASC[0m
Processing by PostsController#index as HTML
  Rendering posts/index.html.erb within layouts/application
  [1m[36mPost Load (0.1ms)[0m  [1m[34mSELECT "posts".* FROM "posts"[0m
  Rendered posts/index.html.erb within layouts/application (2.7ms)
Completed 200 OK in 365ms (Views: 358.7ms | ActiveRecord: 0.3ms)


Started GET "/posts/new" for ::1 at 2020-06-29 22:16:03 +0100
Processing by PostsController#new as HTML
  Rendering posts/new.html.erb within layouts/application
  Rendered posts/_form.html.erb (11.5ms)
  Rendered posts/new.html.erb within layouts/application (12.7ms)
Completed 200 OK in 32ms (Views: 24.7ms | ActiveRecord: 0.7ms)


Started POST "/posts" for ::1 at 2020-06-29 22:16:06 +0100
Processing by PostsController#create as HTML
  Parameters: {"utf8"=>"✓", "authenticity_token"=>"leXwklL6HjMIh6kZzoMdVl+dyhlm3dF5MXQsaCc+n8JDj4Q3QbeZUbXFbblzBqO+JsLTSyKeMl5vAC1mAuYcow==", "post"=>{"title"=>"hello"}, "commit"=>"Create Post"}
  [1m[35m (0.1ms)[0m  [1m[36mbegin transaction[0m
  [1m[35mSQL (0.5ms)[0m  [1m[32mINSERT INTO "posts" ("title", "created_at", "updated_at") VALUES (?, ?, ?)[0m  [["title", "hello"], ["created_at", "2020-06-29 21:16:06.968566"], ["updated_at", "2020-06-29 21:16:06.968566"]]
  [1m[35m (0.6ms)[0m  [1m[36mcommit transaction[0m
Redirected to http://localhost:3000/posts/1
Completed 302 Found in 4ms (ActiveRecord: 1.1ms)


Started GET "/posts/1" for ::1 at 2020-06-29 22:16:06 +0100
Processing by PostsController#show as HTML
  Parameters: {"id"=>"1"}
  [1m[36mPost Load (0.2ms)[0m  [1m[34mSELECT  "posts".* FROM "posts" WHERE "posts"."id" = ? LIMIT ?[0m  [["id", 1], ["LIMIT", 1]]
  Rendering posts/show.html.erb within layouts/application
  Rendered posts/show.html.erb within layouts/application (0.5ms)
Completed 200 OK in 15ms (Views: 11.2ms | ActiveRecord: 0.2ms)


Started GET "/posts" for ::1 at 2020-06-29 22:16:09 +0100
Processing by PostsController#index as HTML
  Rendering posts/index.html.erb within layouts/application
  [1m[36mPost Load (0.2ms)[0m  [1m[34mSELECT "posts".* FROM "posts"[0m
  Rendered posts/index.html.erb within layouts/application (1.3ms)
Completed 200 OK in 16ms (Views: 14.5ms | ActiveRecord: 0.2ms)


Started GET "/posts/1/edit" for ::1 at 2020-06-29 22:16:14 +0100
Processing by PostsController#edit as HTML
  Parameters: {"id"=>"1"}
  [1m[36mPost Load (0.1ms)[0m  [1m[34mSELECT  "posts".* FROM "posts" WHERE "posts"."id" = ? LIMIT ?[0m  [["id", 1], ["LIMIT", 1]]
  Rendering posts/edit.html.erb within layouts/application
  Rendered posts/_form.html.erb (1.8ms)
  Rendered posts/edit.html.erb within layouts/application (3.0ms)
Completed 200 OK in 17ms (Views: 15.0ms | ActiveRecord: 0.1ms)


Started PATCH "/posts/1" for ::1 at 2020-06-29 22:16:18 +0100
Processing by PostsController#update as HTML
  Parameters: {"utf8"=>"✓", "authenticity_token"=>"Ii6MRUSJwZstsIROsNKvNdoMb6JVCGaIdpD9RtpPEKo+R5e13kk/BbJkeQWJxYafmTzEmLqhArIoyyaLab1EAA==", "post"=>{"title"=>"something else"}, "commit"=>"Update Post", "id"=>"1"}
  [1m[36mPost Load (0.2ms)[0m  [1m[34mSELECT  "posts".* FROM "posts" WHERE "posts"."id" = ? LIMIT ?[0m  [["id", 1], ["LIMIT", 1]]
  [1m[35m (0.0ms)[0m  [1m[36mbegin transaction[0m
  [1m[35mSQL (1.3ms)[0m  [1m[33mUPDATE "posts" SET "title" = ?, "updated_at" = ? WHERE "posts"."id" = ?[0m  [["title", "something else"], ["updated_at", "2020-06-29 21:16:18.035708"], ["id", 1]]
  [1m[35m (0.8ms)[0m  [1m[36mcommit transaction[0m
Redirected to http://localhost:3000/posts/1
Completed 302 Found in 6ms (ActiveRecord: 2.3ms)


Started GET "/posts/1" for ::1 at 2020-06-29 22:16:18 +0100
Processing by PostsController#show as HTML
  Parameters: {"id"=>"1"}
  [1m[36mPost Load (0.1ms)[0m  [1m[34mSELECT  "posts".* FROM "posts" WHERE "posts"."id" = ? LIMIT ?[0m  [["id", 1], ["LIMIT", 1]]
  Rendering posts/show.html.erb within layouts/application
  Rendered posts/show.html.erb within layouts/application (0.7ms)
Completed 200 OK in 15ms (Views: 13.8ms | ActiveRecord: 0.1ms)


Started GET "/" for ::1 at 2020-06-29 22:16:24 +0100
Processing by Rails::WelcomeController#index as HTML
  Rendering /Users/devbook/.rvm/gems/ruby-2.6.5/gems/railties-5.1.7/lib/rails/templates/rails/welcome/index.html.erb
  Rendered /Users/devbook/.rvm/gems/ruby-2.6.5/gems/railties-5.1.7/lib/rails/templates/rails/welcome/index.html.erb (1.6ms)
Completed 200 OK in 4ms (Views: 2.9ms | ActiveRecord: 0.0ms)


Started GET "/posts" for ::1 at 2020-06-29 22:16:27 +0100
Processing by PostsController#index as HTML
  Rendering posts/index.html.erb within layouts/application
  [1m[36mPost Load (0.1ms)[0m  [1m[34mSELECT "posts".* FROM "posts"[0m
  Rendered posts/index.html.erb within layouts/application (1.2ms)
Completed 200 OK in 26ms (Views: 24.7ms | ActiveRecord: 0.1ms)


Started DELETE "/posts/1" for ::1 at 2020-06-29 22:16:30 +0100
Processing by PostsController#destroy as HTML
  Parameters: {"authenticity_token"=>"b686Jh8hXTDwCnLyJkviluG5MCVb/WWdQYon9osKnruOJXmCE8wvu22ddhyatDb79S9nAjM1x98BaAVTAE66qA==", "id"=>"1"}
  [1m[36mPost Load (0.2ms)[0m  [1m[34mSELECT  "posts".* FROM "posts" WHERE "posts"."id" = ? LIMIT ?[0m  [["id", 1], ["LIMIT", 1]]
  [1m[35m (0.0ms)[0m  [1m[36mbegin transaction[0m
  [1m[35mSQL (0.3ms)[0m  [1m[31mDELETE FROM "posts" WHERE "posts"."id" = ?[0m  [["id", 1]]
  [1m[35m (0.8ms)[0m  [1m[36mcommit transaction[0m
Redirected to http://localhost:3000/posts
Completed 302 Found in 3ms (ActiveRecord: 1.4ms)


Started GET "/posts" for ::1 at 2020-06-29 22:16:30 +0100
Processing by PostsController#index as HTML
  Rendering posts/index.html.erb within layouts/application
  [1m[36mPost Load (0.2ms)[0m  [1m[34mSELECT "posts".* FROM "posts"[0m
  Rendered posts/index.html.erb within layouts/application (1.1ms)
Completed 200 OK in 14ms (Views: 13.1ms | ActiveRecord: 0.2ms)


Started GET "/posts/new" for ::1 at 2020-06-29 22:16:39 +0100
Processing by PostsController#new as HTML
  Rendering posts/new.html.erb within layouts/application
  Rendered posts/_form.html.erb (1.5ms)
  Rendered posts/new.html.erb within layouts/application (2.5ms)
Completed 200 OK in 15ms (Views: 14.5ms | ActiveRecord: 0.0ms)


Started POST "/posts" for ::1 at 2020-06-29 22:16:41 +0100
Processing by PostsController#create as HTML
  Parameters: {"utf8"=>"✓", "authenticity_token"=>"OboWIG9hq4MnrwtsLQekmmCMaagvY/eb4oygV0yb0fDv0GKFfCws4Zrtz8yQghpyGdNw+msgFLy8+KFZaUNSkQ==", "post"=>{"title"=>"hello"}, "commit"=>"Create Post"}
  [1m[35m (0.0ms)[0m  [1m[36mbegin transaction[0m
  [1m[35mSQL (0.3ms)[0m  [1m[32mINSERT INTO "posts" ("title", "created_at", "updated_at") VALUES (?, ?, ?)[0m  [["title", "hello"], ["created_at", "2020-06-29 21:16:41.538366"], ["updated_at", "2020-06-29 21:16:41.538366"]]
  [1m[35m (0.6ms)[0m  [1m[36mcommit transaction[0m
Redirected to http://localhost:3000/posts/2
Completed 302 Found in 3ms (ActiveRecord: 1.0ms)


Started GET "/posts/2" for ::1 at 2020-06-29 22:16:41 +0100
Processing by PostsController#show as HTML
  Parameters: {"id"=>"2"}
  [1m[36mPost Load (0.1ms)[0m  [1m[34mSELECT  "posts".* FROM "posts" WHERE "posts"."id" = ? LIMIT ?[0m  [["id", 2], ["LIMIT", 1]]
  Rendering posts/show.html.erb within layouts/application
  Rendered posts/show.html.erb within layouts/application (0.5ms)
Completed 200 OK in 14ms (Views: 13.0ms | ActiveRecord: 0.1ms)


Started GET "/posts" for ::1 at 2020-06-29 22:16:44 +0100
Processing by PostsController#index as HTML
  Rendering posts/index.html.erb within layouts/application
  [1m[36mPost Load (0.2ms)[0m  [1m[34mSELECT "posts".* FROM "posts"[0m
  Rendered posts/index.html.erb within layouts/application (1.5ms)
Completed 200 OK in 15ms (Views: 13.9ms | ActiveRecord: 0.2ms)


  [1m[36mPost Load (1.3ms)[0m  [1m[34mSELECT  "posts".* FROM "posts" LIMIT ?[0m  [["LIMIT", 11]]
  [1m[35m (0.1ms)[0m  [1m[34mSELECT "schema_migrations"."version" FROM "schema_migrations" ORDER BY "schema_migrations"."version" ASC[0m
Migrating to AddBodyToPosts (20200629225215)
  [1m[35m (0.0ms)[0m  [1m[36mbegin transaction[0m
  [1m[35m (0.4ms)[0m  [1m[35mALTER TABLE "posts" ADD "body" text[0m
  [1m[35mSQL (0.1ms)[0m  [1m[32mINSERT INTO "schema_migrations" ("version") VALUES (?)[0m  [["version", "20200629225215"]]
  [1m[35m (3.1ms)[0m  [1m[36mcommit transaction[0m
  [1m[36mActiveRecord::InternalMetadata Load (0.1ms)[0m  [1m[34mSELECT  "ar_internal_metadata".* FROM "ar_internal_metadata" WHERE "ar_internal_metadata"."key" = ? LIMIT ?[0m  [["key", "environment"], ["LIMIT", 1]]
  [1m[35m (0.0ms)[0m  [1m[36mbegin transaction[0m
  [1m[35m (0.0ms)[0m  [1m[36mcommit transaction[0m
  [1m[35m (0.1ms)[0m  [1m[34mSELECT "schema_migrations"."version" FROM "schema_migrations" ORDER BY "schema_migrations"."version" ASC[0m
  [1m[35m (0.1ms)[0m  [1m[36mbegin transaction[0m
  [1m[35mSQL (0.5ms)[0m  [1m[32mINSERT INTO "posts" ("title", "created_at", "updated_at") VALUES (?, ?, ?)[0m  [["title", "hello, world!"], ["created_at", "2020-06-29 22:58:26.936861"], ["updated_at", "2020-06-29 22:58:26.936861"]]
  [1m[35m (0.9ms)[0m  [1m[36mcommit transaction[0m
  [1m[36mPost Load (1.0ms)[0m  [1m[34mSELECT  "posts".* FROM "posts" LIMIT ?[0m  [["LIMIT", 11]]
  [1m[36mPost Load (0.1ms)[0m  [1m[34mSELECT  "posts".* FROM "posts" LIMIT ?[0m  [["LIMIT", 11]]
Started GET "/" for ::1 at 2020-06-30 00:09:00 +0100
  [1m[35m (0.1ms)[0m  [1m[34mSELECT "schema_migrations"."version" FROM "schema_migrations" ORDER BY "schema_migrations"."version" ASC[0m
Processing by Rails::WelcomeController#index as HTML
  Rendering /Users/devbook/.rvm/gems/ruby-2.6.5/gems/railties-5.1.7/lib/rails/templates/rails/welcome/index.html.erb
  Rendered /Users/devbook/.rvm/gems/ruby-2.6.5/gems/railties-5.1.7/lib/rails/templates/rails/welcome/index.html.erb (2.7ms)
Completed 200 OK in 12ms (Views: 6.9ms | ActiveRecord: 0.0ms)


Started GET "/posts" for ::1 at 2020-06-30 00:09:03 +0100
  
SyntaxError (/Users/devbook/Projects/Week8/Testing-rails/blog/app/controllers/posts_controller.rb:74: syntax error, unexpected end, expecting end-of-input):
  
app/controllers/posts_controller.rb:74: syntax error, unexpected end, expecting end-of-input
Started GET "/posts" for ::1 at 2020-06-30 00:09:36 +0100
  [1m[35m (0.2ms)[0m  [1m[34mSELECT "schema_migrations"."version" FROM "schema_migrations" ORDER BY "schema_migrations"."version" ASC[0m
  
SyntaxError (/Users/devbook/Projects/Week8/Testing-rails/blog/app/controllers/posts_controller.rb:74: syntax error, unexpected end, expecting end-of-input):
  
app/controllers/posts_controller.rb:74: syntax error, unexpected end, expecting end-of-input
Started GET "/posts" for ::1 at 2020-06-30 00:09:36 +0100
  
SyntaxError (/Users/devbook/Projects/Week8/Testing-rails/blog/app/controllers/posts_controller.rb:74: syntax error, unexpected end, expecting end-of-input):
  
app/controllers/posts_controller.rb:74: syntax error, unexpected end, expecting end-of-input
Started GET "/posts" for ::1 at 2020-06-30 00:10:30 +0100
  [1m[35m (0.2ms)[0m  [1m[34mSELECT "schema_migrations"."version" FROM "schema_migrations" ORDER BY "schema_migrations"."version" ASC[0m
  
SyntaxError (/Users/devbook/Projects/Week8/Testing-rails/blog/app/controllers/posts_controller.rb:74: syntax error, unexpected end, expecting end-of-input):
  
app/controllers/posts_controller.rb:74: syntax error, unexpected end, expecting end-of-input
Started GET "/posts" for ::1 at 2020-06-30 00:10:41 +0100
Processing by PostsController#index as HTML
  Rendering posts/index.html.erb within layouts/application
  [1m[36mPost Load (0.1ms)[0m  [1m[34mSELECT "posts".* FROM "posts"[0m
  Rendered posts/index.html.erb within layouts/application (8.1ms)
Completed 200 OK in 207ms (Views: 204.6ms | ActiveRecord: 0.9ms)


Started GET "/posts" for ::1 at 2020-06-30 00:11:42 +0100
Processing by PostsController#index as HTML
  Rendering posts/index.html.erb within layouts/application
  [1m[36mPost Load (0.1ms)[0m  [1m[34mSELECT "posts".* FROM "posts"[0m
  Rendered posts/index.html.erb within layouts/application (1.4ms)
Completed 200 OK in 14ms (Views: 12.7ms | ActiveRecord: 0.1ms)


Started GET "/posts/new" for ::1 at 2020-06-30 00:11:48 +0100
Processing by PostsController#new as HTML
  Rendering posts/new.html.erb within layouts/application
  Rendered posts/_form.html.erb (10.7ms)
  Rendered posts/new.html.erb within layouts/application (11.7ms)
Completed 200 OK in 27ms (Views: 24.5ms | ActiveRecord: 0.0ms)


Started GET "/posts" for ::1 at 2020-06-30 00:11:51 +0100
Processing by PostsController#index as HTML
  Rendering posts/index.html.erb within layouts/application
  [1m[36mPost Load (0.2ms)[0m  [1m[34mSELECT "posts".* FROM "posts"[0m
  Rendered posts/index.html.erb within layouts/application (1.8ms)
Completed 200 OK in 17ms (Views: 15.2ms | ActiveRecord: 0.2ms)


Started GET "/posts/2" for ::1 at 2020-06-30 00:13:45 +0100
Processing by PostsController#show as HTML
  Parameters: {"id"=>"2"}
  [1m[36mPost Load (0.2ms)[0m  [1m[34mSELECT  "posts".* FROM "posts" WHERE "posts"."id" = ? LIMIT ?[0m  [["id", 2], ["LIMIT", 1]]
  Rendering posts/show.html.erb within layouts/application
  Rendered posts/show.html.erb within layouts/application (0.6ms)
Completed 200 OK in 19ms (Views: 15.3ms | ActiveRecord: 0.2ms)


Started GET "/posts" for ::1 at 2020-06-30 00:13:49 +0100
Processing by PostsController#index as HTML
  Rendering posts/index.html.erb within layouts/application
  [1m[36mPost Load (0.1ms)[0m  [1m[34mSELECT "posts".* FROM "posts"[0m
  Rendered posts/index.html.erb within layouts/application (1.4ms)
Completed 200 OK in 13ms (Views: 12.1ms | ActiveRecord: 0.1ms)


Started GET "/posts/3" for ::1 at 2020-06-30 00:13:52 +0100
Processing by PostsController#show as HTML
  Parameters: {"id"=>"3"}
  [1m[36mPost Load (0.1ms)[0m  [1m[34mSELECT  "posts".* FROM "posts" WHERE "posts"."id" = ? LIMIT ?[0m  [["id", 3], ["LIMIT", 1]]
  Rendering posts/show.html.erb within layouts/application
  Rendered posts/show.html.erb within layouts/application (0.6ms)
Completed 200 OK in 16ms (Views: 14.2ms | ActiveRecord: 0.1ms)


Started GET "/posts/new" for ::1 at 2020-06-30 00:14:56 +0100
Processing by PostsController#new as HTML
  Rendering posts/new.html.erb within layouts/application
  Rendered posts/_form.html.erb (2.3ms)
  Rendered posts/new.html.erb within layouts/application (3.6ms)
Completed 200 OK in 18ms (Views: 16.5ms | ActiveRecord: 0.0ms)


Started POST "/posts" for ::1 at 2020-06-30 00:15:05 +0100
Processing by PostsController#create as HTML
  Parameters: {"utf8"=>"✓", "authenticity_token"=>"tTNG2K3eOQn4u+sF28BhH669xxH0WrgiaWdbB4n1+OljWTJ9vpO+a0X5L6VmRd/31+LeQ7AZWwU3E1oJrC17iA==", "post"=>{"title"=>"This is a title", "body"=>"This is a body"}, "commit"=>"Create Post"}
Unpermitted parameter: :body
  [1m[35m (0.1ms)[0m  [1m[36mbegin transaction[0m
  [1m[35mSQL (0.4ms)[0m  [1m[32mINSERT INTO "posts" ("title", "created_at", "updated_at") VALUES (?, ?, ?)[0m  [["title", "This is a title"], ["created_at", "2020-06-29 23:15:05.487173"], ["updated_at", "2020-06-29 23:15:05.487173"]]
  [1m[35m (0.9ms)[0m  [1m[36mcommit transaction[0m
Redirected to http://localhost:3000/posts/4
Completed 302 Found in 4ms (ActiveRecord: 1.4ms)


Started GET "/posts/4" for ::1 at 2020-06-30 00:15:05 +0100
Processing by PostsController#show as HTML
  Parameters: {"id"=>"4"}
  [1m[36mPost Load (0.1ms)[0m  [1m[34mSELECT  "posts".* FROM "posts" WHERE "posts"."id" = ? LIMIT ?[0m  [["id", 4], ["LIMIT", 1]]
  Rendering posts/show.html.erb within layouts/application
  Rendered posts/show.html.erb within layouts/application (0.5ms)
Completed 200 OK in 13ms (Views: 12.0ms | ActiveRecord: 0.1ms)


Started GET "/posts" for ::1 at 2020-06-30 00:15:07 +0100
Processing by PostsController#index as HTML
  Rendering posts/index.html.erb within layouts/application
  [1m[36mPost Load (0.2ms)[0m  [1m[34mSELECT "posts".* FROM "posts"[0m
  Rendered posts/index.html.erb within layouts/application (1.9ms)
Completed 200 OK in 40ms (Views: 38.5ms | ActiveRecord: 0.2ms)


Started GET "/posts/4" for ::1 at 2020-06-30 00:15:12 +0100
Processing by PostsController#show as HTML
  Parameters: {"id"=>"4"}
  [1m[36mPost Load (0.2ms)[0m  [1m[34mSELECT  "posts".* FROM "posts" WHERE "posts"."id" = ? LIMIT ?[0m  [["id", 4], ["LIMIT", 1]]
  Rendering posts/show.html.erb within layouts/application
  Rendered posts/show.html.erb within layouts/application (0.6ms)
Completed 200 OK in 15ms (Views: 12.9ms | ActiveRecord: 0.2ms)


Started GET "/posts" for ::1 at 2020-06-30 00:15:14 +0100
Processing by PostsController#index as HTML
  Rendering posts/index.html.erb within layouts/application
  [1m[36mPost Load (0.2ms)[0m  [1m[34mSELECT "posts".* FROM "posts"[0m
  Rendered posts/index.html.erb within layouts/application (2.0ms)
Completed 200 OK in 17ms (Views: 15.6ms | ActiveRecord: 0.2ms)


Started GET "/posts" for ::1 at 2020-06-30 00:16:23 +0100
Processing by PostsController#index as HTML
  Rendering posts/index.html.erb within layouts/application
  [1m[36mPost Load (0.1ms)[0m  [1m[34mSELECT "posts".* FROM "posts"[0m
  Rendered posts/index.html.erb within layouts/application (1.4ms)
Completed 200 OK in 13ms (Views: 12.0ms | ActiveRecord: 0.1ms)


Started GET "/posts/2" for ::1 at 2020-06-30 00:16:24 +0100
Processing by PostsController#show as HTML
  Parameters: {"id"=>"2"}
  [1m[36mPost Load (0.1ms)[0m  [1m[34mSELECT  "posts".* FROM "posts" WHERE "posts"."id" = ? LIMIT ?[0m  [["id", 2], ["LIMIT", 1]]
  Rendering posts/show.html.erb within layouts/application
  Rendered posts/show.html.erb within layouts/application (0.6ms)
Completed 200 OK in 16ms (Views: 14.1ms | ActiveRecord: 0.1ms)


Started GET "/posts/4" for ::1 at 2020-06-30 00:16:27 +0100
Processing by PostsController#show as HTML
  Parameters: {"id"=>"4"}
  [1m[36mPost Load (0.1ms)[0m  [1m[34mSELECT  "posts".* FROM "posts" WHERE "posts"."id" = ? LIMIT ?[0m  [["id", 4], ["LIMIT", 1]]
  Rendering posts/show.html.erb within layouts/application
  Rendered posts/show.html.erb within layouts/application (0.6ms)
Completed 200 OK in 15ms (Views: 12.7ms | ActiveRecord: 0.1ms)


Started GET "/posts" for ::1 at 2020-06-30 00:16:59 +0100
Processing by PostsController#index as HTML
  Rendering posts/index.html.erb within layouts/application
  [1m[36mPost Load (0.1ms)[0m  [1m[34mSELECT "posts".* FROM "posts"[0m
  Rendered posts/index.html.erb within layouts/application (1.4ms)
Completed 200 OK in 13ms (Views: 12.3ms | ActiveRecord: 0.1ms)


Started GET "/posts/new" for ::1 at 2020-06-30 00:17:01 +0100
Processing by PostsController#new as HTML
  Rendering posts/new.html.erb within layouts/application
  Rendered posts/_form.html.erb (1.7ms)
  Rendered posts/new.html.erb within layouts/application (2.7ms)
Completed 200 OK in 15ms (Views: 13.9ms | ActiveRecord: 0.0ms)


Started POST "/posts" for ::1 at 2020-06-30 00:17:06 +0100
Processing by PostsController#create as HTML
  Parameters: {"utf8"=>"✓", "authenticity_token"=>"KFoEtmhyE0aZsRiBX2TnYVZHYn+TUCd+eQ9rXmiQPAb+MHATez+UJCTz3CHi4VmJLxh7LdcTxFkne2pQTUi/Zw==", "post"=>{"title"=>"hello", "body"=>"This is a body"}, "commit"=>"Create Post"}
Unpermitted parameter: :body
  [1m[35m (0.1ms)[0m  [1m[36mbegin transaction[0m
  [1m[35mSQL (0.4ms)[0m  [1m[32mINSERT INTO "posts" ("title", "created_at", "updated_at") VALUES (?, ?, ?)[0m  [["title", "hello"], ["created_at", "2020-06-29 23:17:06.258985"], ["updated_at", "2020-06-29 23:17:06.258985"]]
  [1m[35m (0.7ms)[0m  [1m[36mcommit transaction[0m
Redirected to http://localhost:3000/posts/5
Completed 302 Found in 3ms (ActiveRecord: 1.1ms)


Started GET "/posts/5" for ::1 at 2020-06-30 00:17:06 +0100
Processing by PostsController#show as HTML
  Parameters: {"id"=>"5"}
  [1m[36mPost Load (0.1ms)[0m  [1m[34mSELECT  "posts".* FROM "posts" WHERE "posts"."id" = ? LIMIT ?[0m  [["id", 5], ["LIMIT", 1]]
  Rendering posts/show.html.erb within layouts/application
  Rendered posts/show.html.erb within layouts/application (0.5ms)
Completed 200 OK in 13ms (Views: 11.3ms | ActiveRecord: 0.1ms)


Started GET "/posts" for ::1 at 2020-06-30 00:17:08 +0100
Processing by PostsController#index as HTML
  Rendering posts/index.html.erb within layouts/application
  [1m[36mPost Load (0.1ms)[0m  [1m[34mSELECT "posts".* FROM "posts"[0m
  Rendered posts/index.html.erb within layouts/application (2.0ms)
Completed 200 OK in 15ms (Views: 14.3ms | ActiveRecord: 0.1ms)


Started GET "/posts/4" for ::1 at 2020-06-30 00:17:36 +0100
Processing by PostsController#show as HTML
  Parameters: {"id"=>"4"}
  [1m[36mPost Load (0.2ms)[0m  [1m[34mSELECT  "posts".* FROM "posts" WHERE "posts"."id" = ? LIMIT ?[0m  [["id", 4], ["LIMIT", 1]]
  Rendering posts/show.html.erb within layouts/application
  Rendered posts/show.html.erb within layouts/application (0.9ms)
Completed 200 OK in 15ms (Views: 13.4ms | ActiveRecord: 0.2ms)


Started GET "/posts/5" for ::1 at 2020-06-30 00:17:38 +0100
Processing by PostsController#show as HTML
  Parameters: {"id"=>"5"}
  [1m[36mPost Load (0.1ms)[0m  [1m[34mSELECT  "posts".* FROM "posts" WHERE "posts"."id" = ? LIMIT ?[0m  [["id", 5], ["LIMIT", 1]]
  Rendering posts/show.html.erb within layouts/application
  Rendered posts/show.html.erb within layouts/application (0.5ms)
Completed 200 OK in 15ms (Views: 13.5ms | ActiveRecord: 0.1ms)


Started GET "/posts/2" for ::1 at 2020-06-30 00:17:40 +0100
Processing by PostsController#show as HTML
  Parameters: {"id"=>"2"}
  [1m[36mPost Load (0.2ms)[0m  [1m[34mSELECT  "posts".* FROM "posts" WHERE "posts"."id" = ? LIMIT ?[0m  [["id", 2], ["LIMIT", 1]]
  Rendering posts/show.html.erb within layouts/application
  Rendered posts/show.html.erb within layouts/application (0.8ms)
Completed 200 OK in 30ms (Views: 28.5ms | ActiveRecord: 0.2ms)


Started GET "/posts/3" for ::1 at 2020-06-30 00:17:42 +0100
Processing by PostsController#show as HTML
  Parameters: {"id"=>"3"}
  [1m[36mPost Load (0.1ms)[0m  [1m[34mSELECT  "posts".* FROM "posts" WHERE "posts"."id" = ? LIMIT ?[0m  [["id", 3], ["LIMIT", 1]]
  Rendering posts/show.html.erb within layouts/application
  Rendered posts/show.html.erb within layouts/application (0.8ms)
Completed 200 OK in 16ms (Views: 13.8ms | ActiveRecord: 0.1ms)


Started GET "/posts/new" for ::1 at 2020-06-30 00:17:44 +0100
Processing by PostsController#new as HTML
  Rendering posts/new.html.erb within layouts/application
  Rendered posts/_form.html.erb (2.0ms)
  Rendered posts/new.html.erb within layouts/application (3.0ms)
Completed 200 OK in 17ms (Views: 15.4ms | ActiveRecord: 0.0ms)


Started GET "/posts" for ::1 at 2020-06-30 00:38:50 +0100
Processing by PostsController#index as HTML
  Rendering posts/index.html.erb within layouts/application
  [1m[36mPost Load (0.1ms)[0m  [1m[34mSELECT "posts".* FROM "posts"[0m
  Rendered posts/index.html.erb within layouts/application (7.2ms)
Completed 200 OK in 27ms (Views: 24.5ms | ActiveRecord: 1.0ms)


Started GET "/posts/new" for ::1 at 2020-06-30 00:38:53 +0100
Processing by PostsController#new as HTML
  Rendering posts/new.html.erb within layouts/application
  Rendered posts/_form.html.erb (2.0ms)
  Rendered posts/new.html.erb within layouts/application (3.0ms)
Completed 200 OK in 16ms (Views: 15.1ms | ActiveRecord: 0.0ms)


Started POST "/posts" for ::1 at 2020-06-30 00:39:31 +0100
Processing by PostsController#create as HTML
  Parameters: {"utf8"=>"✓", "authenticity_token"=>"5XXPjQ5s7Rb2dSEhpAnH526IQkh78Xcr3UR7UljuPsAzH7soHSFqdEs35YEZjHkPF9dbGj+ylAyDMHpcfTa9oQ==", "post"=>{"title"=>"This is a title attempt", "body"=>"This is a body attempt"}, "commit"=>"Create Post"}
Unpermitted parameter: :body
Unpermitted parameter: :title
  [1m[35m (0.0ms)[0m  [1m[36mbegin transaction[0m
  [1m[35mSQL (0.3ms)[0m  [1m[32mINSERT INTO "posts" ("created_at", "updated_at") VALUES (?, ?)[0m  [["created_at", "2020-06-29 23:39:31.617422"], ["updated_at", "2020-06-29 23:39:31.617422"]]
  [1m[35m (1.2ms)[0m  [1m[36mcommit transaction[0m
Redirected to http://localhost:3000/posts/6
Completed 302 Found in 4ms (ActiveRecord: 1.6ms)


Started GET "/posts/6" for ::1 at 2020-06-30 00:39:31 +0100
Processing by PostsController#show as HTML
  Parameters: {"id"=>"6"}
  [1m[36mPost Load (0.2ms)[0m  [1m[34mSELECT  "posts".* FROM "posts" WHERE "posts"."id" = ? LIMIT ?[0m  [["id", 6], ["LIMIT", 1]]
  Rendering posts/show.html.erb within layouts/application
  Rendered posts/show.html.erb within layouts/application (0.6ms)
Completed 200 OK in 14ms (Views: 12.5ms | ActiveRecord: 0.2ms)


Started GET "/posts" for ::1 at 2020-06-30 00:39:34 +0100
Processing by PostsController#index as HTML
  Rendering posts/index.html.erb within layouts/application
  [1m[36mPost Load (0.2ms)[0m  [1m[34mSELECT "posts".* FROM "posts"[0m
  Rendered posts/index.html.erb within layouts/application (2.2ms)
Completed 200 OK in 16ms (Views: 15.2ms | ActiveRecord: 0.2ms)


Started GET "/posts/2" for ::1 at 2020-06-30 00:40:09 +0100
Processing by PostsController#show as HTML
  Parameters: {"id"=>"2"}
  [1m[36mPost Load (0.1ms)[0m  [1m[34mSELECT  "posts".* FROM "posts" WHERE "posts"."id" = ? LIMIT ?[0m  [["id", 2], ["LIMIT", 1]]
  Rendering posts/show.html.erb within layouts/application
  Rendered posts/show.html.erb within layouts/application (0.5ms)
Completed 200 OK in 15ms (Views: 13.4ms | ActiveRecord: 0.1ms)


Started GET "/posts/6" for ::1 at 2020-06-30 00:40:11 +0100
Processing by PostsController#show as HTML
  Parameters: {"id"=>"6"}
  [1m[36mPost Load (0.1ms)[0m  [1m[34mSELECT  "posts".* FROM "posts" WHERE "posts"."id" = ? LIMIT ?[0m  [["id", 6], ["LIMIT", 1]]
  Rendering posts/show.html.erb within layouts/application
  Rendered posts/show.html.erb within layouts/application (0.9ms)
Completed 200 OK in 15ms (Views: 13.5ms | ActiveRecord: 0.1ms)


Started GET "/posts/6" for ::1 at 2020-06-30 00:45:29 +0100
  [1m[35m (0.1ms)[0m  [1m[34mSELECT "schema_migrations"."version" FROM "schema_migrations" ORDER BY "schema_migrations"."version" ASC[0m
Processing by PostsController#show as HTML
  Parameters: {"id"=>"6"}
  [1m[36mPost Load (0.2ms)[0m  [1m[34mSELECT  "posts".* FROM "posts" WHERE "posts"."id" = ? LIMIT ?[0m  [["id", 6], ["LIMIT", 1]]
  Rendering posts/show.html.erb within layouts/application
  Rendered posts/show.html.erb within layouts/application (2.0ms)
Completed 200 OK in 164ms (Views: 145.2ms | ActiveRecord: 0.6ms)


Started GET "/posts" for ::1 at 2020-06-30 00:45:31 +0100
Processing by PostsController#index as HTML
  Rendering posts/index.html.erb within layouts/application
  [1m[36mPost Load (0.1ms)[0m  [1m[34mSELECT "posts".* FROM "posts"[0m
  Rendered posts/index.html.erb within layouts/application (3.0ms)
Completed 200 OK in 18ms (Views: 16.1ms | ActiveRecord: 0.3ms)


Started DELETE "/posts/6" for ::1 at 2020-06-30 00:45:35 +0100
Processing by PostsController#destroy as HTML
  Parameters: {"authenticity_token"=>"ooq476a3dR4+3oQmkPJfQRT8ZjtKcpw2zneNlwPB25FDAPtLqloHlaNJgMgsDYssAGoxHCK6PnSOla8yiIX/gg==", "id"=>"6"}
  [1m[36mPost Load (0.2ms)[0m  [1m[34mSELECT  "posts".* FROM "posts" WHERE "posts"."id" = ? LIMIT ?[0m  [["id", 6], ["LIMIT", 1]]
  [1m[35m (0.0ms)[0m  [1m[36mbegin transaction[0m
  [1m[35mSQL (0.3ms)[0m  [1m[31mDELETE FROM "posts" WHERE "posts"."id" = ?[0m  [["id", 6]]
  [1m[35m (0.8ms)[0m  [1m[36mcommit transaction[0m
Redirected to http://localhost:3000/posts
Completed 302 Found in 3ms (ActiveRecord: 1.3ms)


Started GET "/posts" for ::1 at 2020-06-30 00:45:35 +0100
Processing by PostsController#index as HTML
  Rendering posts/index.html.erb within layouts/application
  [1m[36mPost Load (0.2ms)[0m  [1m[34mSELECT "posts".* FROM "posts"[0m
  Rendered posts/index.html.erb within layouts/application (1.9ms)
Completed 200 OK in 43ms (Views: 42.1ms | ActiveRecord: 0.2ms)


Started DELETE "/posts/5" for ::1 at 2020-06-30 00:45:37 +0100
Processing by PostsController#destroy as HTML
  Parameters: {"authenticity_token"=>"4tcmtvEgRzJTuOXhOZjViR0nmvbJ/e/36uu8v32GE4QDXWUS/c01uc4v4Q+FZwHkCbHN0aE1TbWqCZ4a9sI3lw==", "id"=>"5"}
  [1m[36mPost Load (0.1ms)[0m  [1m[34mSELECT  "posts".* FROM "posts" WHERE "posts"."id" = ? LIMIT ?[0m  [["id", 5], ["LIMIT", 1]]
  [1m[35m (0.1ms)[0m  [1m[36mbegin transaction[0m
  [1m[35mSQL (0.3ms)[0m  [1m[31mDELETE FROM "posts" WHERE "posts"."id" = ?[0m  [["id", 5]]
  [1m[35m (0.7ms)[0m  [1m[36mcommit transaction[0m
Redirected to http://localhost:3000/posts
Completed 302 Found in 3ms (ActiveRecord: 1.2ms)


Started GET "/posts" for ::1 at 2020-06-30 00:45:37 +0100
Processing by PostsController#index as HTML
  Rendering posts/index.html.erb within layouts/application
  [1m[36mPost Load (0.1ms)[0m  [1m[34mSELECT "posts".* FROM "posts"[0m
  Rendered posts/index.html.erb within layouts/application (1.5ms)
Completed 200 OK in 15ms (Views: 13.7ms | ActiveRecord: 0.1ms)


Started DELETE "/posts/4" for ::1 at 2020-06-30 00:45:38 +0100
Processing by PostsController#destroy as HTML
  Parameters: {"authenticity_token"=>"ZcApnVtKMXQwZXZqz19Uuxw6VYZCrj4ImDj7ylAnwfCESmo5V6dD/63ycoRzoIDWCKwCoSpmnErY2tlv22Pl4w==", "id"=>"4"}
  [1m[36mPost Load (0.1ms)[0m  [1m[34mSELECT  "posts".* FROM "posts" WHERE "posts"."id" = ? LIMIT ?[0m  [["id", 4], ["LIMIT", 1]]
  [1m[35m (0.1ms)[0m  [1m[36mbegin transaction[0m
  [1m[35mSQL (0.3ms)[0m  [1m[31mDELETE FROM "posts" WHERE "posts"."id" = ?[0m  [["id", 4]]
  [1m[35m (0.7ms)[0m  [1m[36mcommit transaction[0m
Redirected to http://localhost:3000/posts
Completed 302 Found in 3ms (ActiveRecord: 1.2ms)


Started GET "/posts" for ::1 at 2020-06-30 00:45:38 +0100
Processing by PostsController#index as HTML
  Rendering posts/index.html.erb within layouts/application
  [1m[36mPost Load (0.1ms)[0m  [1m[34mSELECT "posts".* FROM "posts"[0m
  Rendered posts/index.html.erb within layouts/application (1.3ms)
Completed 200 OK in 14ms (Views: 13.0ms | ActiveRecord: 0.1ms)


Started DELETE "/posts/3" for ::1 at 2020-06-30 00:45:40 +0100
Processing by PostsController#destroy as HTML
  Parameters: {"authenticity_token"=>"ntmB3I5RVPMcRtt61TGlCcSxcTHTsmDIN0PpzN892vt/U8J4grwmeIHR35RpznFk0CcmFrt6wop3octpVHn+6A==", "id"=>"3"}
  [1m[36mPost Load (0.1ms)[0m  [1m[34mSELECT  "posts".* FROM "posts" WHERE "posts"."id" = ? LIMIT ?[0m  [["id", 3], ["LIMIT", 1]]
  [1m[35m (0.0ms)[0m  [1m[36mbegin transaction[0m
  [1m[35mSQL (0.4ms)[0m  [1m[31mDELETE FROM "posts" WHERE "posts"."id" = ?[0m  [["id", 3]]
  [1m[35m (1.0ms)[0m  [1m[36mcommit transaction[0m
Redirected to http://localhost:3000/posts
Completed 302 Found in 3ms (ActiveRecord: 1.5ms)


Started GET "/posts" for ::1 at 2020-06-30 00:45:40 +0100
Processing by PostsController#index as HTML
  Rendering posts/index.html.erb within layouts/application
  [1m[36mPost Load (0.1ms)[0m  [1m[34mSELECT "posts".* FROM "posts"[0m
  Rendered posts/index.html.erb within layouts/application (1.2ms)
Completed 200 OK in 13ms (Views: 12.3ms | ActiveRecord: 0.1ms)


Started DELETE "/posts/2" for ::1 at 2020-06-30 00:45:42 +0100
Processing by PostsController#destroy as HTML
  Parameters: {"authenticity_token"=>"eQ38PDIo6Cq79+y9BK+F4keCW9P/TipmlNGWdm4lB/SYh7+YPsWaoSZg6FO4UFGPUxQM9JeGiCTUM7TT5WEj5w==", "id"=>"2"}
  [1m[36mPost Load (0.2ms)[0m  [1m[34mSELECT  "posts".* FROM "posts" WHERE "posts"."id" = ? LIMIT ?[0m  [["id", 2], ["LIMIT", 1]]
  [1m[35m (0.1ms)[0m  [1m[36mbegin transaction[0m
  [1m[35mSQL (0.4ms)[0m  [1m[31mDELETE FROM "posts" WHERE "posts"."id" = ?[0m  [["id", 2]]
  [1m[35m (0.5ms)[0m  [1m[36mcommit transaction[0m
Redirected to http://localhost:3000/posts
Completed 302 Found in 3ms (ActiveRecord: 1.2ms)


Started GET "/posts" for ::1 at 2020-06-30 00:45:42 +0100
Processing by PostsController#index as HTML
  Rendering posts/index.html.erb within layouts/application
  [1m[36mPost Load (0.1ms)[0m  [1m[34mSELECT "posts".* FROM "posts"[0m
  Rendered posts/index.html.erb within layouts/application (1.1ms)
Completed 200 OK in 15ms (Views: 13.2ms | ActiveRecord: 0.1ms)


Started GET "/posts/new" for ::1 at 2020-06-30 00:45:43 +0100
Processing by PostsController#new as HTML
  Rendering posts/new.html.erb within layouts/application
  Rendered posts/_form.html.erb (10.2ms)
  Rendered posts/new.html.erb within layouts/application (11.6ms)
Completed 200 OK in 38ms (Views: 36.9ms | ActiveRecord: 0.0ms)


Started POST "/posts" for ::1 at 2020-06-30 00:45:46 +0100
Processing by PostsController#create as HTML
  Parameters: {"utf8"=>"✓", "authenticity_token"=>"nhujuS6XFilqrzcNXLBzaj3Nj5DdZbAZ6fcXdUtI7RtIcdccPdqRS9ft863hNc2CRJKWwpkmUz63gxZ7bpBueg==", "post"=>{"title"=>"1", "body"=>"2"}, "commit"=>"Create Post"}
Unpermitted parameter: :body
Unpermitted parameter: :title
  [1m[35m (0.0ms)[0m  [1m[36mbegin transaction[0m
  [1m[35mSQL (0.3ms)[0m  [1m[32mINSERT INTO "posts" ("created_at", "updated_at") VALUES (?, ?)[0m  [["created_at", "2020-06-29 23:45:46.499236"], ["updated_at", "2020-06-29 23:45:46.499236"]]
  [1m[35m (0.6ms)[0m  [1m[36mcommit transaction[0m
Redirected to http://localhost:3000/posts/7
Completed 302 Found in 3ms (ActiveRecord: 1.0ms)


Started GET "/posts/7" for ::1 at 2020-06-30 00:45:46 +0100
Processing by PostsController#show as HTML
  Parameters: {"id"=>"7"}
  [1m[36mPost Load (0.1ms)[0m  [1m[34mSELECT  "posts".* FROM "posts" WHERE "posts"."id" = ? LIMIT ?[0m  [["id", 7], ["LIMIT", 1]]
  Rendering posts/show.html.erb within layouts/application
  Rendered posts/show.html.erb within layouts/application (0.8ms)
Completed 200 OK in 15ms (Views: 13.3ms | ActiveRecord: 0.1ms)


Started GET "/posts" for ::1 at 2020-06-30 00:46:21 +0100
Processing by PostsController#index as HTML
  Rendering posts/index.html.erb within layouts/application
  [1m[36mPost Load (0.1ms)[0m  [1m[34mSELECT "posts".* FROM "posts"[0m
  Rendered posts/index.html.erb within layouts/application (7.1ms)
Completed 200 OK in 20ms (Views: 18.0ms | ActiveRecord: 0.9ms)


Started GET "/posts/new" for ::1 at 2020-06-30 00:46:42 +0100
Processing by PostsController#new as HTML
  Rendering posts/new.html.erb within layouts/application
  Rendered posts/_form.html.erb (1.8ms)
  Rendered posts/new.html.erb within layouts/application (2.8ms)
Completed 200 OK in 16ms (Views: 14.7ms | ActiveRecord: 0.0ms)


Started POST "/posts" for ::1 at 2020-06-30 00:46:45 +0100
Processing by PostsController#create as HTML
  Parameters: {"utf8"=>"✓", "authenticity_token"=>"kOrg1GCsAf4vHFFouhIny7Di5/l2xF88Sxjt1LgKgs1GgJRxc+GGnJJelcgHl5kjyb3+qzKHvBsVbOzandIBrA==", "post"=>{"title"=>"adfas", "body"=>"asfgasfxacfxas"}, "commit"=>"Create Post"}
  [1m[35m (0.0ms)[0m  [1m[36mbegin transaction[0m
  [1m[35mSQL (0.4ms)[0m  [1m[32mINSERT INTO "posts" ("title", "created_at", "updated_at", "body") VALUES (?, ?, ?, ?)[0m  [["title", "adfas"], ["created_at", "2020-06-29 23:46:45.587457"], ["updated_at", "2020-06-29 23:46:45.587457"], ["body", "asfgasfxacfxas"]]
  [1m[35m (0.6ms)[0m  [1m[36mcommit transaction[0m
Redirected to http://localhost:3000/posts/8
Completed 302 Found in 3ms (ActiveRecord: 1.0ms)


Started GET "/posts/8" for ::1 at 2020-06-30 00:46:45 +0100
Processing by PostsController#show as HTML
  Parameters: {"id"=>"8"}
  [1m[36mPost Load (0.2ms)[0m  [1m[34mSELECT  "posts".* FROM "posts" WHERE "posts"."id" = ? LIMIT ?[0m  [["id", 8], ["LIMIT", 1]]
  Rendering posts/show.html.erb within layouts/application
  Rendered posts/show.html.erb within layouts/application (0.5ms)
Completed 200 OK in 13ms (Views: 10.9ms | ActiveRecord: 0.2ms)


Started GET "/posts" for ::1 at 2020-06-30 00:46:47 +0100
Processing by PostsController#index as HTML
  Rendering posts/index.html.erb within layouts/application
  [1m[36mPost Load (0.1ms)[0m  [1m[34mSELECT "posts".* FROM "posts"[0m
  Rendered posts/index.html.erb within layouts/application (1.5ms)
Completed 200 OK in 16ms (Views: 14.2ms | ActiveRecord: 0.1ms)


Started GET "/posts/8" for ::1 at 2020-06-30 00:46:49 +0100
Processing by PostsController#show as HTML
  Parameters: {"id"=>"8"}
  [1m[36mPost Load (0.3ms)[0m  [1m[34mSELECT  "posts".* FROM "posts" WHERE "posts"."id" = ? LIMIT ?[0m  [["id", 8], ["LIMIT", 1]]
  Rendering posts/show.html.erb within layouts/application
  Rendered posts/show.html.erb within layouts/application (0.6ms)
Completed 200 OK in 17ms (Views: 15.1ms | ActiveRecord: 0.3ms)


Started GET "/posts" for ::1 at 2020-06-30 00:46:50 +0100
Processing by PostsController#index as HTML
  Rendering posts/index.html.erb within layouts/application
  [1m[36mPost Load (0.2ms)[0m  [1m[34mSELECT "posts".* FROM "posts"[0m
  Rendered posts/index.html.erb within layouts/application (1.9ms)
Completed 200 OK in 16ms (Views: 14.6ms | ActiveRecord: 0.2ms)


Started GET "/posts/8/edit" for ::1 at 2020-06-30 00:46:51 +0100
Processing by PostsController#edit as HTML
  Parameters: {"id"=>"8"}
  [1m[36mPost Load (0.2ms)[0m  [1m[34mSELECT  "posts".* FROM "posts" WHERE "posts"."id" = ? LIMIT ?[0m  [["id", 8], ["LIMIT", 1]]
  Rendering posts/edit.html.erb within layouts/application
  Rendered posts/_form.html.erb (1.8ms)
  Rendered posts/edit.html.erb within layouts/application (3.1ms)
Completed 200 OK in 17ms (Views: 15.7ms | ActiveRecord: 0.2ms)


Started PATCH "/posts/8" for ::1 at 2020-06-30 00:46:53 +0100
Processing by PostsController#update as HTML
  Parameters: {"utf8"=>"✓", "authenticity_token"=>"PeWHoXEAHjag81pj+JXqBHdXJVa+hyWm663bDZRoiC1dMDPO8/htGDV3DC297qGNMh1VbaJKZawzE5ANpxqkbA==", "post"=>{"title"=>"adfas", "body"=>"asfgasfxacfxassdafa"}, "commit"=>"Update Post", "id"=>"8"}
  [1m[36mPost Load (0.2ms)[0m  [1m[34mSELECT  "posts".* FROM "posts" WHERE "posts"."id" = ? LIMIT ?[0m  [["id", 8], ["LIMIT", 1]]
  [1m[35m (0.0ms)[0m  [1m[36mbegin transaction[0m
  [1m[35mSQL (0.3ms)[0m  [1m[33mUPDATE "posts" SET "body" = ?, "updated_at" = ? WHERE "posts"."id" = ?[0m  [["body", "asfgasfxacfxassdafa"], ["updated_at", "2020-06-29 23:46:53.291543"], ["id", 8]]
  [1m[35m (0.9ms)[0m  [1m[36mcommit transaction[0m
Redirected to http://localhost:3000/posts/8
Completed 302 Found in 4ms (ActiveRecord: 1.5ms)


Started GET "/posts/8" for ::1 at 2020-06-30 00:46:53 +0100
Processing by PostsController#show as HTML
  Parameters: {"id"=>"8"}
  [1m[36mPost Load (0.1ms)[0m  [1m[34mSELECT  "posts".* FROM "posts" WHERE "posts"."id" = ? LIMIT ?[0m  [["id", 8], ["LIMIT", 1]]
  Rendering posts/show.html.erb within layouts/application
  Rendered posts/show.html.erb within layouts/application (0.6ms)
Completed 200 OK in 16ms (Views: 13.6ms | ActiveRecord: 0.1ms)


Started GET "/posts" for ::1 at 2020-06-30 00:46:54 +0100
Processing by PostsController#index as HTML
  Rendering posts/index.html.erb within layouts/application
  [1m[36mPost Load (0.2ms)[0m  [1m[34mSELECT "posts".* FROM "posts"[0m
  Rendered posts/index.html.erb within layouts/application (1.7ms)
Completed 200 OK in 26ms (Views: 24.7ms | ActiveRecord: 0.2ms)


